\BOOKMARK [1][-]{section.5}{Introduction}{}% 1
\BOOKMARK [1][-]{section.7}{Page Size and Columns}{}% 2
\BOOKMARK [1][-]{section.9}{Typeset Text}{}% 3
\BOOKMARK [2][-]{subsection.11}{Title and Authors}{section.9}% 4
\BOOKMARK [2][-]{subsection.13}{Abstract and Keywords}{section.9}% 5
\BOOKMARK [2][-]{subsection.15}{Normal or Body Text}{section.9}% 6
\BOOKMARK [2][-]{subsection.17}{First Page Copyright Notice}{section.9}% 7
\BOOKMARK [2][-]{subsection.19}{Subsequent Pages}{section.9}% 8
\BOOKMARK [2][-]{subsection.22}{References and Citations}{section.9}% 9
\BOOKMARK [1][-]{section.25}{Sections}{}% 10
\BOOKMARK [2][-]{subsection.27}{Subsections}{section.25}% 11
\BOOKMARK [3][-]{subsubsection.29}{Sub-subsections}{subsection.27}% 12
\BOOKMARK [1][-]{section.31}{Figures/Captions}{}% 13
\BOOKMARK [2][-]{subsection.34}{Inserting Images}{section.31}% 14
\BOOKMARK [1][-]{section.36}{Quotations}{}% 15
\BOOKMARK [1][-]{section.38}{Language, Style, and Content}{}% 16
\BOOKMARK [1][-]{section.40}{Accessibility}{}% 17
\BOOKMARK [1][-]{section.47}{Page Numbering, Headers and Footers}{}% 18
\BOOKMARK [1][-]{section.49}{Producing and Testing PDF Files}{}% 19
\BOOKMARK [1][-]{section.51}{Conclusion}{}% 20
\BOOKMARK [1][-]{section.53}{Acknowledgments}{}% 21
\BOOKMARK [1][-]{section.55}{References Format}{}% 22
\BOOKMARK [1][-]{section.57}{References }{}% 23
